0 info it worked if it ends with ok
1 verbose cli [ '/usr/bin/node', '/usr/bin/npm', 'run', 'production' ]
2 info using npm@3.5.2
3 info using node@v8.10.0
4 verbose run-script [ 'preproduction', 'production', 'postproduction' ]
5 info lifecycle annotation-tool@1.0.0~preproduction: annotation-tool@1.0.0
6 silly lifecycle annotation-tool@1.0.0~preproduction: no script for preproduction, continuing
7 info lifecycle annotation-tool@1.0.0~production: annotation-tool@1.0.0
8 verbose lifecycle annotation-tool@1.0.0~production: unsafe-perm in lifecycle true
9 verbose lifecycle annotation-tool@1.0.0~production: PATH: /usr/share/npm/bin/node-gyp-bin:/home/ubuntu/redcoat/node_modules/.bin:/usr/local/go/bin:/usr/local/go/bin:/usr/local/bin:/usr/bin:/bin:/snap/bin:/opt/go/bin:/opt/go/bin
10 verbose lifecycle annotation-tool@1.0.0~production: CWD: /home/ubuntu/redcoat
11 silly lifecycle annotation-tool@1.0.0~production: Args: [ '-c',
11 silly lifecycle   'echo \'$base-url: "/redcoat/";\' > app/stylesheets/environment.scss && PORT=5000 BASE_URL=\'/redcoat/\' nodemon' ]
12 silly lifecycle annotation-tool@1.0.0~production: Returned: code: 137  signal: null
13 info lifecycle annotation-tool@1.0.0~production: Failed to exec production script
14 verbose stack Error: annotation-tool@1.0.0 production: `echo '$base-url: "/redcoat/";' > app/stylesheets/environment.scss && PORT=5000 BASE_URL='/redcoat/' nodemon`
14 verbose stack Exit status 137
14 verbose stack     at EventEmitter.<anonymous> (/usr/share/npm/lib/utils/lifecycle.js:232:16)
14 verbose stack     at emitTwo (events.js:126:13)
14 verbose stack     at EventEmitter.emit (events.js:214:7)
14 verbose stack     at ChildProcess.<anonymous> (/usr/share/npm/lib/utils/spawn.js:24:14)
14 verbose stack     at emitTwo (events.js:126:13)
14 verbose stack     at ChildProcess.emit (events.js:214:7)
14 verbose stack     at maybeClose (internal/child_process.js:925:16)
14 verbose stack     at Process.ChildProcess._handle.onexit (internal/child_process.js:209:5)
15 verbose pkgid annotation-tool@1.0.0
16 verbose cwd /home/ubuntu/redcoat
17 error Linux 4.15.0-74-generic
18 error argv "/usr/bin/node" "/usr/bin/npm" "run" "production"
19 error node v8.10.0
20 error npm  v3.5.2
21 error code ELIFECYCLE
22 error annotation-tool@1.0.0 production: `echo '$base-url: "/redcoat/";' > app/stylesheets/environment.scss && PORT=5000 BASE_URL='/redcoat/' nodemon`
22 error Exit status 137
23 error Failed at the annotation-tool@1.0.0 production script 'echo '$base-url: "/redcoat/";' > app/stylesheets/environment.scss && PORT=5000 BASE_URL='/redcoat/' nodemon'.
23 error Make sure you have the latest version of node.js and npm installed.
23 error If you do, this is most likely a problem with the annotation-tool package,
23 error not with npm itself.
23 error Tell the author that this fails on your system:
23 error     echo '$base-url: "/redcoat/";' > app/stylesheets/environment.scss && PORT=5000 BASE_URL='/redcoat/' nodemon
23 error You can get information on how to open an issue for this project with:
23 error     npm bugs annotation-tool
23 error Or if that isn't available, you can get their info via:
23 error     npm owner ls annotation-tool
23 error There is likely additional logging output above.
24 verbose exit [ 1, true ]
